callingboxandroid/app/build/outputs/logs/manifest-merger-debug-report.txt
-- Merging decision tree log ---
manifest
ADDED from AndroidManifest.xml:2:1
	package
		ADDED from AndroidManifest.xml:3:7
		INJECTED from AndroidManifest.xml:0:0
		INJECTED from AndroidManifest.xml:0:0
	android:versionName
		ADDED from AndroidManifest.xml:5:7
	android:versionCode
		ADDED from AndroidManifest.xml:4:7
		INJECTED from AndroidManifest.xml:0:0
		INJECTED from AndroidManifest.xml:0:0
	xmlns:android
		ADDED from AndroidManifest.xml:2:11
support-screens
ADDED from AndroidManifest.xml:6:2
	android:largeScreens
		ADDED from AndroidManifest.xml:7:6
	android:anyDensity
		ADDED from AndroidManifest.xml:8:6
uses-permission#android.permission.INTERNET
ADDED from AndroidManifest.xml:9:5
	android:name
		ADDED from AndroidManifest.xml:9:22
uses-permission#android.permission.WRITE_EXTERNAL_STORAGE
ADDED from AndroidManifest.xml:10:5
	android:name
		ADDED from AndroidManifest.xml:10:22
application
ADDED from AndroidManifest.xml:11:5
	android:screenOrientation
		ADDED from AndroidManifest.xml:12:9
	android:label
		ADDED from AndroidManifest.xml:11:62
	android:icon
		ADDED from AndroidManifest.xml:11:18
	android:theme
		ADDED from AndroidManifest.xml:13:9
activity#com.talesapp.phonereceiver.SplashAct
ADDED from AndroidManifest.xml:14:7
	android:screenOrientation
		ADDED from AndroidManifest.xml:16:19
	android:label
		ADDED from AndroidManifest.xml:15:19
	android:name
		ADDED from AndroidManifest.xml:14:17
intent-filter#android.intent.action.MAIN+android.intent.category.LAUNCHER
ADDED from AndroidManifest.xml:17:10
action#android.intent.action.MAIN
ADDED from AndroidManifest.xml:18:17
	android:name
		ADDED from AndroidManifest.xml:18:25
category#android.intent.category.LAUNCHER
ADDED from AndroidManifest.xml:19:17
	android:name
		ADDED from AndroidManifest.xml:19:27
receiver#com.talesapp.phonereceiver.receivers.OutgoingCallReceiver
ADDED from AndroidManifest.xml:24:9
	android:name
		ADDED from AndroidManifest.xml:24:19
intent-filter#android.intent.action.NEW_OUTGOING_CALL
ADDED from AndroidManifest.xml:25:4
action#android.intent.action.NEW_OUTGOING_CALL
ADDED from AndroidManifest.xml:26:8
	android:name
		ADDED from AndroidManifest.xml:26:16
receiver#com.talesapp.phonereceiver.receivers.CallReceiver
ADDED from AndroidManifest.xml:30:3
	android:name
		ADDED from AndroidManifest.xml:30:13
intent-filter#android.intent.action.PHONE_STATE
ADDED from AndroidManifest.xml:31:4
action#android.intent.action.PHONE_STATE
ADDED from AndroidManifest.xml:32:8
	android:name
		ADDED from AndroidManifest.xml:32:16
service#com.talesapp.phonereceiver.ViewCtrlService
ADDED from AndroidManifest.xml:35:3
	android:screenOrientation
		ADDED from AndroidManifest.xml:36:7
	android:name
		ADDED from AndroidManifest.xml:35:12
activity#com.talesapp.phonereceiver.AboutServiceAct
ADDED from AndroidManifest.xml:37:3
	android:screenOrientation
		ADDED from AndroidManifest.xml:38:7
	android:name
		ADDED from AndroidManifest.xml:37:13
activity#com.talesapp.phonereceiver.SettingUiAct
ADDED from AndroidManifest.xml:39:3
	android:screenOrientation
		ADDED from AndroidManifest.xml:40:7
	android:name
		ADDED from AndroidManifest.xml:39:13
activity#com.talesapp.phonereceiver.SetInfoAct
ADDED from AndroidManifest.xml:41:3
	android:screenOrientation
		ADDED from AndroidManifest.xml:42:7
	android:name
		ADDED from AndroidManifest.xml:41:13
activity#com.talesapp.phonereceiver.SettingPayAct
ADDED from AndroidManifest.xml:43:3
	android:screenOrientation
		ADDED from AndroidManifest.xml:44:7
	android:name
		ADDED from AndroidManifest.xml:43:13
service#com.talesapp.phonereceiver.IconViewService
ADDED from AndroidManifest.xml:45:3
	android:name
		ADDED from AndroidManifest.xml:45:12
uses-sdk
ADDED from AndroidManifest.xml:49:5
	android:targetSdkVersion
		INJECTED from AndroidManifest.xml:0:0
		INJECTED from AndroidManifest.xml:0:0
	android:minSdkVersion
		ADDED from AndroidManifest.xml:49:15
		INJECTED from AndroidManifest.xml:0:0
		INJECTED from AndroidManifest.xml:0:0
uses-permission#android.permission.READ_CONTACTS
ADDED from AndroidManifest.xml:51:5
	android:name
		ADDED from AndroidManifest.xml:51:22
uses-permission#android.permission.SYSTEM_ALERT_WINDOW
ADDED from AndroidManifest.xml:52:5
	android:name
		ADDED from AndroidManifest.xml:52:22
uses-permission#android.permission.CALL_PHONE
ADDED from AndroidManifest.xml:53:2
	android:name
		ADDED from AndroidManifest.xml:53:19
uses-permission#android.permission.PROCESS_OUTGOING_CALLS
ADDED from AndroidManifest.xml:54:5
	android:name
		ADDED from AndroidManifest.xml:54:22
uses-permission#android.permission.READ_PHONE_STATE
ADDED from AndroidManifest.xml:55:2
	android:name
		ADDED from AndroidManifest.xml:55:19